This is e-TeX, Version 3.14159-2.1 (Web2C 7.4.5) (format=latex 2003.5.10)  7 APR 2004 10:13
entering extended mode
**vsocket.tex
(./vsocket.tex
LaTeX2e <2001/06/01>
Babel <v3.7h> and hyphenation patterns for american, british, french, nohyphena
tion, loaded.
(/usr/local/teTeX/share/texmf.tetex/tex/latex/base/article.cls
Document Class: article 2001/04/21 v1.4e Standard LaTeX document class
(/usr/local/teTeX/share/texmf.tetex/tex/latex/base/size10.clo
File: size10.clo 2001/04/21 v1.4e Standard LaTeX file (size option)
)
\c@part=\count79
\c@section=\count80
\c@subsection=\count81
\c@subsubsection=\count82
\c@paragraph=\count83
\c@subparagraph=\count84
\c@figure=\count85
\c@table=\count86
\abovecaptionskip=\skip41
\belowcaptionskip=\skip42
\bibindent=\dimen102
) (./docxx.sty
\cxxcodewidth=\dimen103
\cxxIdWidth=\dimen104
\cxxTypeWidth=\dimen105
\cxxProtoWidth=\dimen106
\cxxMemoWidth=\dimen107
\cxxPageWidth=\dimen108
\cxxProtoMemoWidth=\dimen109
\cxxtypestart=\dimen110
\cxxnamestart=\dimen111
\cxxargsstart=\dimen112
\cxxargswidth=\dimen113
\cxxmemostart=\dimen114
\cxxBoxLen=\skip43
\cxxBoxHt=\skip44
\cxxBoxDp=\skip45
\cxxSideHt=\skip46
\cxxSideLen=\skip47
\cxxTitleLen=\skip48
\cxxHeadName=\box26
\c@cxxContentsDepth=\count87
\cxxContentsLengthIncr=\dimen115
\cxxContentsLength=\dimen116
\cxxClassGraphShift=\dimen117
\cxxClassGraphLength=\dimen118
\cxxClassGraphHeight=\dimen119
\cxxClassGraphDepth=\dimen120
\cxxClassGraphTotV=\dimen121
\cxxgenericstart=\dimen122
\cxxgenericwidth=\dimen123
\c@cxxDepth=\count88
\cxxSize=\skip49
)
(./vsocket.aux)
\openout1 = `vsocket.aux'.

LaTeX Font Info:    Checking defaults for OML/cmm/m/it on input line 3.
LaTeX Font Info:    ... okay on input line 3.
LaTeX Font Info:    Checking defaults for T1/cmr/m/n on input line 3.
LaTeX Font Info:    ... okay on input line 3.
LaTeX Font Info:    Checking defaults for OT1/cmr/m/n on input line 3.
LaTeX Font Info:    ... okay on input line 3.
LaTeX Font Info:    Checking defaults for OMS/cmsy/m/n on input line 3.
LaTeX Font Info:    ... okay on input line 3.
LaTeX Font Info:    Checking defaults for OMX/cmex/m/n on input line 3.
LaTeX Font Info:    ... okay on input line 3.
LaTeX Font Info:    Checking defaults for U/cmr/m/n on input line 3.
LaTeX Font Info:    ... okay on input line 3.
LaTeX Font Info:    External font `cmex10' loaded for size
(Font)              <9> on input line 10.
LaTeX Font Info:    External font `cmex10' loaded for size
(Font)              <6> on input line 10.
LaTeX Font Info:    External font `cmex10' loaded for size
(Font)              <5> on input line 10.

! Missing $ inserted.
<inserted text> 
                $
l.17  *  Copyright (c) 2004 _
                             _MyCompanyName__. All rights reserved.
? 
! Emergency stop.
<inserted text> 
                $
l.17  *  Copyright (c) 2004 _
                             _MyCompanyName__. All rights reserved.
End of file on the terminal!

 
Here is how much of TeX's memory you used:
 422 strings out of 95730
 4586 string characters out of 1193416
 52450 words of memory out of 1000001
 3490 multiletter control sequences out of 10000+50000
 6593 words of font info for 24 fonts, out of 500000 for 1000
 22 hyphenation exceptions out of 1000
 23i,4n,17p,133b,122s stack positions out of 1500i,500n,5000p,200000b,5000s
No pages of output.
