autoscan: warning: missing AC_CHECK_FUNCS([gettimeofday]) wanted by: 
	src/dutils/Utils.cpp:23
	src/dutils/Utils.cpp:29
autoscan: warning: missing AC_CHECK_FUNCS([select]) wanted by: 
	src/vsocket/PSocket.cpp:185
	src/vsocket/PSocket.cpp:258
	src/vsocket/TCPSocket.cpp:185
	src/vsocket/TCPSocket.cpp:213
	src/vsocket/TCPSocket.cpp:239
	src/vsocket/TCPSocket.cpp:267
autoscan: warning: missing AC_CHECK_FUNCS([socket]) wanted by: 
	src/vsocket/Socket.cpp:20
autoscan: warning: missing AC_CHECK_FUNCS([strerror]) wanted by: 
	src/dutils/Thread.cpp:53
autoscan: warning: missing AC_CHECK_HEADERS([arpa/inet.h]) wanted by: 
	src/vsocket/PSocket.cpp:11
	src/vsocket/TCPSocket.cpp:17
	src/vsocket/UDPSocket.cpp:14
autoscan: warning: missing AC_CHECK_HEADERS([fcntl.h]) wanted by: 
	src/vsocket/File.cpp:11
	src/vsocket/Socket.cpp:10
autoscan: warning: missing AC_CHECK_HEADERS([netinet/in.h]) wanted by: 
	src/vsocket/File.h:21
	src/vsocket/PSocket.cpp:10
	src/vsocket/Socket.h:22
	src/vsocket/TCPSocket.cpp:16
	src/vsocket/UDPSocket.cpp:13
autoscan: warning: missing AC_CHECK_HEADERS([sys/socket.h]) wanted by: 
	src/dutils/Utils.h:15
	src/vsocket/File.h:20
	src/vsocket/PSocket.cpp:13
	src/vsocket/Socket.h:21
	src/vsocket/TCPSocket.cpp:12
	src/vsocket/UDPSocket.cpp:11
autoscan: warning: missing AC_CHECK_HEADERS([sys/time.h]) wanted by: 
	src/dutils/Utils.h:17
	src/vsocket/TCPSocket.cpp:14
autoscan: warning: missing AC_C_CONST wanted by: 
	src/app/main.cpp:8
	src/app/main.cpp:9
	src/app/main.cpp:10
	src/app/main.cpp:39
	src/app/main.cpp:53
	src/app/main.cpp:54
	src/app/main.cpp:110
	src/app/main.cpp:124
	src/app/main.cpp:125
	src/app/main.cpp:126
	src/app/main.cpp:195
	src/app/Options.cpp:18
	src/app/Options.cpp:26
	src/app/Options.cpp:115
	src/app/Options.cpp:135
	src/app/Options.cpp:135
	src/app/Options.cpp:139
	src/app/Options.cpp:139
	src/app/Options.cpp:144
	src/app/Options.cpp:149
	src/app/Options.cpp:149
	src/app/Options.cpp:154
	src/app/Options.cpp:159
	src/app/Options.cpp:159
	src/app/Options.cpp:164
	src/app/Options.cpp:164
	src/app/Options.cpp:169
	src/app/Options.cpp:169
	src/app/Options.cpp:174
	src/app/Options.cpp:179
	src/app/Options.cpp:184
	src/app/Options.cpp:189
	src/app/Options.cpp:194
	src/app/Options.cpp:199
	src/app/Options.cpp:204
	src/app/Options.cpp:209
	src/app/Options.cpp:214
	src/app/Options.h:45
	src/app/Options.h:47
	src/app/Options.h:48
	src/app/Options.h:48
	src/app/Options.h:49
	src/app/Options.h:49
	src/app/Options.h:50
	src/app/Options.h:51
	src/app/Options.h:51
	src/app/Options.h:52
	src/app/Options.h:53
	src/app/Options.h:53
	src/app/Options.h:54
	src/app/Options.h:54
	src/app/Options.h:55
	src/app/Options.h:55
	src/app/Options.h:56
	src/app/Options.h:57
	src/app/Options.h:58
	src/app/Options.h:59
	src/app/Options.h:60
	src/app/Options.h:61
	src/app/Options.h:62
	src/app/Options.h:63
	src/app/Options.h:64
	src/dutils/Logger.cpp:57
	src/dutils/Logger.cpp:76
	src/dutils/Logger.cpp:98
	src/dutils/Logger.cpp:120
	src/dutils/Logger.cpp:142
	src/dutils/Logger.cpp:164
	src/dutils/Logger.h:37
	src/dutils/Logger.h:38
	src/dutils/Logger.h:39
	src/dutils/Logger.h:40
	src/dutils/Logger.h:41
	src/dutils/Logger.h:42
	src/dutils/Object.cpp:12
	src/dutils/Object.cpp:17
	src/dutils/Object.cpp:22
	src/dutils/Object.cpp:27
	src/dutils/Object.h:23
	src/dutils/Object.h:24
	src/dutils/Object.h:25
	src/dutils/Object.h:26
	src/dutils/Thread.cpp:35
	src/dutils/Thread.h:26
	src/vsocket/File.cpp:17
	src/vsocket/File.cpp:18
	src/vsocket/File.cpp:19
	src/vsocket/File.cpp:20
	src/vsocket/File.cpp:23
	src/vsocket/File.cpp:23
	src/vsocket/File.cpp:47
	src/vsocket/File.cpp:58
	src/vsocket/File.cpp:58
	src/vsocket/File.cpp:58
	src/vsocket/File.cpp:70
	src/vsocket/File.cpp:89
	src/vsocket/File.h:34
	src/vsocket/File.h:35
	src/vsocket/File.h:36
	src/vsocket/File.h:37
	src/vsocket/File.h:40
	src/vsocket/File.h:40
	src/vsocket/File.h:43
	src/vsocket/File.h:44
	src/vsocket/File.h:44
	src/vsocket/File.h:44
	src/vsocket/File.h:46
	src/vsocket/File.h:47
	src/vsocket/PSocket.cpp:18
	src/vsocket/PSocket.cpp:18
	src/vsocket/PSocket.cpp:35
	src/vsocket/PSocket.cpp:58
	src/vsocket/PSocket.cpp:65
	src/vsocket/PSocket.cpp:65
	src/vsocket/PSocket.cpp:72
	src/vsocket/PSocket.cpp:72
	src/vsocket/PSocket.cpp:79
	src/vsocket/PSocket.cpp:79
	src/vsocket/PSocket.cpp:128
	src/vsocket/PSocket.cpp:128
	src/vsocket/PSocket.cpp:150
	src/vsocket/PSocket.cpp:166
	src/vsocket/PSocket.cpp:222
	src/vsocket/PSocket.cpp:222
	src/vsocket/PSocket.cpp:239
	src/vsocket/PSocket.cpp:239
	src/vsocket/PSocket.cpp:307
	src/vsocket/PSocket.cpp:330
	src/vsocket/PSocket.cpp:351
	src/vsocket/PSocket.cpp:356
	src/vsocket/PSocket.cpp:356
	src/vsocket/PSocket.cpp:378
	src/vsocket/PSocket.cpp:378
	src/vsocket/PSocket.cpp:383
	src/vsocket/PSocket.cpp:404
	src/vsocket/PSocket.cpp:409
	src/vsocket/PSocket.cpp:430
	src/vsocket/PSocket.cpp:435
	src/vsocket/PSocket.cpp:456
	src/vsocket/PSocket.cpp:461
	src/vsocket/PSocket.cpp:482
	src/vsocket/PSocket.cpp:487
	src/vsocket/PSocket.cpp:508
	src/vsocket/PSocket.cpp:513
	src/vsocket/PSocket.cpp:529
	src/vsocket/PSocket.h:22
	src/vsocket/PSocket.h:25
	src/vsocket/PSocket.h:47
	src/vsocket/PSocket.h:47
	src/vsocket/PSocket.h:48
	src/vsocket/PSocket.h:50
	src/vsocket/PSocket.h:52
	src/vsocket/PSocket.h:52
	src/vsocket/PSocket.h:53
	src/vsocket/PSocket.h:53
	src/vsocket/PSocket.h:55
	src/vsocket/PSocket.h:55
	src/vsocket/PSocket.h:58
	src/vsocket/PSocket.h:58
	src/vsocket/PSocket.h:59
	src/vsocket/PSocket.h:60
	src/vsocket/PSocket.h:61
	src/vsocket/PSocket.h:61
	src/vsocket/PSocket.h:62
	src/vsocket/PSocket.h:62
	src/vsocket/PSocket.h:64
	src/vsocket/PSocket.h:66
	src/vsocket/PSocket.h:67
	src/vsocket/PSocket.h:68
	src/vsocket/PSocket.h:68
	src/vsocket/PSocket.h:69
	src/vsocket/PSocket.h:69
	src/vsocket/PSocket.h:70
	src/vsocket/PSocket.h:71
	src/vsocket/PSocket.h:72
	src/vsocket/PSocket.h:73
	src/vsocket/PSocket.h:74
	src/vsocket/PSocket.h:75
	src/vsocket/PSocket.h:76
	src/vsocket/PSocket.h:77
	src/vsocket/PSocket.h:78
	src/vsocket/PSocket.h:79
	src/vsocket/PSocket.h:80
	src/vsocket/PSocket.h:81
	src/vsocket/PSocketThread.cpp:12
	src/vsocket/PSocketThread.h:28
	src/vsocket/Socket.cpp:13
	src/vsocket/Socket.cpp:14
	src/vsocket/Socket.cpp:16
	src/vsocket/Socket.cpp:24
	src/vsocket/Socket.cpp:24
	src/vsocket/Socket.cpp:24
	src/vsocket/Socket.cpp:47
	src/vsocket/Socket.cpp:51
	src/vsocket/Socket.cpp:55
	src/vsocket/Socket.cpp:59
	src/vsocket/Socket.cpp:63
	src/vsocket/Socket.cpp:67
	src/vsocket/Socket.cpp:71
	src/vsocket/Socket.cpp:76
	src/vsocket/Socket.cpp:83
	src/vsocket/Socket.cpp:88
	src/vsocket/Socket.cpp:88
	src/vsocket/Socket.cpp:96
	src/vsocket/Socket.cpp:96
	src/vsocket/Socket.cpp:101
	src/vsocket/Socket.cpp:108
	src/vsocket/Socket.cpp:113
	src/vsocket/Socket.cpp:120
	src/vsocket/Socket.cpp:125
	src/vsocket/Socket.cpp:132
	src/vsocket/Socket.cpp:137
	src/vsocket/Socket.cpp:144
	src/vsocket/Socket.cpp:149
	src/vsocket/Socket.cpp:158
	src/vsocket/Socket.cpp:166
	src/vsocket/Socket.cpp:184
	src/vsocket/Socket.cpp:190
	src/vsocket/Socket.cpp:190
	src/vsocket/Socket.cpp:195
	src/vsocket/Socket.h:46
	src/vsocket/Socket.h:51
	src/vsocket/Socket.h:77
	src/vsocket/Socket.h:78
	src/vsocket/Socket.h:80
	src/vsocket/Socket.h:81
	src/vsocket/Socket.h:81
	src/vsocket/Socket.h:81
	src/vsocket/Socket.h:85
	src/vsocket/Socket.h:86
	src/vsocket/Socket.h:87
	src/vsocket/Socket.h:88
	src/vsocket/Socket.h:89
	src/vsocket/Socket.h:90
	src/vsocket/Socket.h:91
	src/vsocket/Socket.h:93
	src/vsocket/Socket.h:94
	src/vsocket/Socket.h:95
	src/vsocket/Socket.h:95
	src/vsocket/Socket.h:96
	src/vsocket/Socket.h:96
	src/vsocket/Socket.h:97
	src/vsocket/Socket.h:98
	src/vsocket/Socket.h:99
	src/vsocket/Socket.h:100
	src/vsocket/Socket.h:101
	src/vsocket/Socket.h:102
	src/vsocket/Socket.h:103
	src/vsocket/Socket.h:104
	src/vsocket/Socket.h:105
	src/vsocket/Socket.h:106
	src/vsocket/Socket.h:108
	src/vsocket/Socket.h:109
	src/vsocket/Socket.h:111
	src/vsocket/Socket.h:111
	src/vsocket/Socket.h:112
	src/vsocket/TCPSocket.cpp:29
	src/vsocket/TCPSocket.cpp:38
	src/vsocket/TCPSocket.cpp:38
	src/vsocket/TCPSocket.cpp:46
	src/vsocket/TCPSocket.cpp:65
	src/vsocket/TCPSocket.cpp:75
	src/vsocket/TCPSocket.cpp:84
	src/vsocket/TCPSocket.cpp:84
	src/vsocket/TCPSocket.cpp:142
	src/vsocket/TCPSocket.cpp:142
	src/vsocket/TCPSocket.cpp:170
	src/vsocket/TCPSocket.cpp:198
	src/vsocket/TCPSocket.cpp:198
	src/vsocket/TCPSocket.cpp:227
	src/vsocket/TCPSocket.cpp:227
	src/vsocket/TCPSocket.cpp:255
	src/vsocket/TCPSocket.cpp:255
	src/vsocket/TCPSocket.cpp:255
	src/vsocket/TCPSocket.cpp:300
	src/vsocket/TCPSocket.h:19
	src/vsocket/TCPSocket.h:25
	src/vsocket/TCPSocket.h:26
	src/vsocket/TCPSocket.h:27
	src/vsocket/TCPSocket.h:27
	src/vsocket/TCPSocket.h:29
	src/vsocket/TCPSocket.h:30
	src/vsocket/TCPSocket.h:33
	src/vsocket/TCPSocket.h:33
	src/vsocket/TCPSocket.h:36
	src/vsocket/TCPSocket.h:36
	src/vsocket/TCPSocket.h:37
	src/vsocket/TCPSocket.h:38
	src/vsocket/TCPSocket.h:38
	src/vsocket/TCPSocket.h:39
	src/vsocket/TCPSocket.h:39
	src/vsocket/TCPSocket.h:40
	src/vsocket/TCPSocket.h:40
	src/vsocket/TCPSocket.h:40
	src/vsocket/TCPSocket.h:46
	src/vsocket/UDPSocket.cpp:27
	src/vsocket/UDPSocket.cpp:27
	src/vsocket/UDPSocket.cpp:35
	src/vsocket/UDPSocket.cpp:52
	src/vsocket/UDPSocket.cpp:63
	src/vsocket/UDPSocket.cpp:72
	src/vsocket/UDPSocket.cpp:72
	src/vsocket/UDPSocket.cpp:75
	src/vsocket/UDPSocket.cpp:75
	src/vsocket/UDPSocket.cpp:103
	src/vsocket/UDPSocket.cpp:103
	src/vsocket/UDPSocket.cpp:130
	src/vsocket/UDPSocket.cpp:147
	src/vsocket/UDPSocket.cpp:147
	src/vsocket/UDPSocket.cpp:161
	src/vsocket/UDPSocket.cpp:161
	src/vsocket/UDPSocket.cpp:161
	src/vsocket/UDPSocket.cpp:162
	src/vsocket/UDPSocket.cpp:165
	src/vsocket/UDPSocket.cpp:165
	src/vsocket/UDPSocket.cpp:184
	src/vsocket/UDPSocket.cpp:199
	src/vsocket/UDPSocket.h:21
	src/vsocket/UDPSocket.h:21
	src/vsocket/UDPSocket.h:22
	src/vsocket/UDPSocket.h:24
	src/vsocket/UDPSocket.h:25
	src/vsocket/UDPSocket.h:28
	src/vsocket/UDPSocket.h:28
	src/vsocket/UDPSocket.h:29
	src/vsocket/UDPSocket.h:29
	src/vsocket/UDPSocket.h:30
	src/vsocket/UDPSocket.h:31
	src/vsocket/UDPSocket.h:31
	src/vsocket/UDPSocket.h:32
	src/vsocket/UDPSocket.h:32
	src/vsocket/UDPSocket.h:32
	src/vsocket/UDPSocket.h:33
	src/vsocket/UDPSocket.h:38
autoscan: warning: missing AC_FUNC_FORK wanted by: 
	src/vsocket/PSocket.cpp:590
	src/vsocket/TCPSocket.cpp:365
	src/vsocket/UDPSocket.cpp:259
autoscan: warning: missing AC_FUNC_SELECT_ARGTYPES wanted by: 
	src/vsocket/PSocket.cpp:185
	src/vsocket/PSocket.cpp:258
	src/vsocket/TCPSocket.cpp:185
	src/vsocket/TCPSocket.cpp:213
	src/vsocket/TCPSocket.cpp:239
	src/vsocket/TCPSocket.cpp:267
autoscan: warning: missing AC_HEADER_STDBOOL wanted by: 
	src/app/main.cpp:147
	src/dutils/Logger.h:26
	src/dutils/Logger.h:28
	src/vsocket/main.cpp:17
	src/vsocket/PSocket.cpp:534
	src/vsocket/PSocket.cpp:564
	src/vsocket/PSocket.cpp:588
	src/vsocket/PSocket.cpp:591
	src/vsocket/PSocket.h:82
	src/vsocket/TCPSocket.cpp:312
	src/vsocket/TCPSocket.cpp:343
	src/vsocket/TCPSocket.cpp:363
	src/vsocket/TCPSocket.cpp:366
	src/vsocket/TCPSocket.h:43
	src/vsocket/UDPSocket.cpp:211
	src/vsocket/UDPSocket.cpp:237
	src/vsocket/UDPSocket.cpp:257
	src/vsocket/UDPSocket.cpp:260
	src/vsocket/UDPSocket.h:35
	src/app/main.cpp:164
	src/dutils/Logger.cpp:14
	src/dutils/Logger.cpp:15
	src/dutils/Logger.cpp:37
	src/vsocket/main.cpp:19
	src/vsocket/main.cpp:30
	src/vsocket/main.cpp:39
	src/vsocket/PSocket.cpp:551
	src/vsocket/PSocket.cpp:556
	src/vsocket/PSocket.cpp:581
	src/vsocket/PSocket.cpp:591
	src/vsocket/TCPSocket.cpp:321
	src/vsocket/TCPSocket.cpp:329
	src/vsocket/TCPSocket.cpp:335
	src/vsocket/TCPSocket.cpp:357
	src/vsocket/TCPSocket.cpp:366
	src/vsocket/UDPSocket.cpp:218
	src/vsocket/UDPSocket.cpp:225
	src/vsocket/UDPSocket.cpp:230
	src/vsocket/UDPSocket.cpp:251
	src/vsocket/UDPSocket.cpp:260
	src/app/main.cpp:147
	src/dutils/Logger.cpp:30
	src/vsocket/PSocket.cpp:561
	src/vsocket/PSocketThread.cpp:38
	src/vsocket/TCPSocket.cpp:183
	src/vsocket/TCPSocket.cpp:211
	src/vsocket/TCPSocket.cpp:237
	src/vsocket/TCPSocket.cpp:265
	src/vsocket/TCPSocket.cpp:340
	src/vsocket/UDPSocket.cpp:234
autoscan: warning: missing AC_HEADER_TIME wanted by: 
	src/dutils/Utils.h:20
	src/dutils/Utils.h:21
	src/dutils/Utils.h:22
autoscan: warning: missing AC_TYPE_PID_T wanted by: 
	src/vsocket/PSocket.cpp:590
	src/vsocket/TCPSocket.cpp:365
	src/vsocket/UDPSocket.cpp:259
