This file contains any messages produced by compilers while
running configure, to aid debugging if configure makes a mistake.

It was created by configure, which was
generated by GNU Autoconf 2.57.  Invocation command line was

  $ ./configure --no-create --no-recursion

## --------- ##
## Platform. ##
## --------- ##

hostname = Defiant.local
uname -m = Power Macintosh
uname -r = 7.3.0
uname -s = Darwin
uname -v = Darwin Kernel Version 7.3.0: Fri Mar  5 14:22:55 PST 2004; root:xnu/xnu-517.3.15.obj~4/RELEASE_PPC 

/usr/bin/uname -p = powerpc
/bin/uname -X     = unknown

/bin/arch              = unknown
/usr/bin/arch -k       = unknown
/usr/convex/getsysinfo = unknown
hostinfo               = Mach kernel version:
	 Darwin Kernel Version 7.3.0:
Fri Mar  5 14:22:55 PST 2004; root:xnu/xnu-517.3.15.obj~4/RELEASE_PPC


Kernel configured for a single processor only.
1 processor is physically available.
Processor type: ppc7450 (PowerPC 7450)
Processor active: 0
Primary memory available: 1024.00 megabytes.
Default processor set: 103 tasks, 210 threads, 1 processors
Load average: 2.05, Mach factor: 0.18
unknown
/bin/machine           = unknown
/usr/bin/oslevel       = unknown
/bin/universe          = unknown

PATH: /bin
PATH: /sbin
PATH: /usr/bin
PATH: /usr/sbin
PATH: /Users/davidlapsley/bin
PATH: /sw/bin
PATH: /usr/local/bin
PATH: /usr/X11R6/bin
PATH: /usr/local/rrdtool-1.0.45/bin
PATH: /Users/davidlapsley/Sites/i2demo/mon/bin
PATH: /usr/local/lam/bin


## ----------- ##
## Core tests. ##
## ----------- ##

configure:1314: checking for a BSD-compatible install
configure:1368: result: /usr/bin/install -c
configure:1379: checking whether build environment is sane
configure:1422: result: yes
configure:1447: WARNING: `missing' script is too old or missing
configure:1455: checking for gawk
configure:1484: result: no
configure:1455: checking for mawk
configure:1484: result: no
configure:1455: checking for nawk
configure:1484: result: no
configure:1455: checking for awk
configure:1471: found /usr/bin/awk
configure:1481: result: awk
configure:1491: checking whether make sets $(MAKE)
configure:1511: result: yes
configure:1708: checking for g++
configure:1724: found /usr/bin/g++
configure:1734: result: g++
configure:1750: checking for C++ compiler version
configure:1753: g++ --version </dev/null >&5
g++ (GCC) 3.3 20030304 (Apple Computer, Inc. build 1495)
Copyright (C) 2002 Free Software Foundation, Inc.
This is free software; see the source for copying conditions.  There is NO
warranty; not even for MERCHANTABILITY or FITNESS FOR A PARTICULAR PURPOSE.

configure:1756: $? = 0
configure:1758: g++ -v </dev/null >&5
Reading specs from /usr/libexec/gcc/darwin/ppc/3.3/specs
Thread model: posix
gcc version 3.3 20030304 (Apple Computer, Inc. build 1495)
configure:1761: $? = 0
configure:1763: g++ -V </dev/null >&5
g++: `-V' option must have argument
configure:1766: $? = 1
configure:1790: checking for C++ compiler default output
configure:1793: g++    conftest.cc  >&5
configure:1796: $? = 0
configure:1842: result: a.out
configure:1847: checking whether the C++ compiler works
configure:1853: ./a.out
configure:1856: $? = 0
configure:1873: result: yes
configure:1880: checking whether we are cross compiling
configure:1882: result: no
configure:1885: checking for suffix of executables
configure:1887: g++ -o conftest    conftest.cc  >&5
configure:1890: $? = 0
configure:1915: result: 
configure:1921: checking for suffix of object files
configure:1943: g++ -c   conftest.cc >&5
configure:1946: $? = 0
configure:1968: result: o
configure:1972: checking whether we are using the GNU C++ compiler
configure:1997: g++ -c   conftest.cc >&5
configure:2000: $? = 0
configure:2003: test -s conftest.o
configure:2006: $? = 0
configure:2019: result: yes
configure:2025: checking whether g++ accepts -g
configure:2047: g++ -c -g  conftest.cc >&5
configure:2050: $? = 0
configure:2053: test -s conftest.o
configure:2056: $? = 0
configure:2067: result: yes
configure:2111: g++ -c -g -O2  conftest.cc >&5
configure:2114: $? = 0
configure:2117: test -s conftest.o
configure:2120: $? = 0
configure:2147: g++ -c -g -O2  conftest.cc >&5
configure: In function `int main()':
configure:2144: error: `exit' undeclared (first use this function)
configure:2144: error: (Each undeclared identifier is reported only once for 
   each function it appears in.)
configure:2150: $? = 1
configure: failed program was:
| #line 2130 "configure"
| /* confdefs.h.  */
| 
| #define PACKAGE_NAME ""
| #define PACKAGE_TARNAME ""
| #define PACKAGE_VERSION ""
| #define PACKAGE_STRING ""
| #define PACKAGE_BUGREPORT ""
| #define PACKAGE "vsocket.app"
| #define VERSION "0.7.g"
| /* end confdefs.h.  */
| 
| int
| main ()
| {
| exit (42);
|   ;
|   return 0;
| }
configure:2111: g++ -c -g -O2  conftest.cc >&5
configure:2114: $? = 0
configure:2117: test -s conftest.o
configure:2120: $? = 0
configure:2147: g++ -c -g -O2  conftest.cc >&5
configure:2150: $? = 0
configure:2153: test -s conftest.o
configure:2156: $? = 0
configure:2198: checking for style of include used by make
configure:2226: result: GNU
configure:2254: checking dependency style of g++
configure:2316: result: gcc3
configure:2362: checking for ranlib
configure:2378: found /usr/bin/ranlib
configure:2389: result: ranlib
configure:2447: checking for gcc
configure:2463: found /usr/bin/gcc
configure:2473: result: gcc
configure:2717: checking for C compiler version
configure:2720: gcc --version </dev/null >&5
gcc (GCC) 3.3 20030304 (Apple Computer, Inc. build 1495)
Copyright (C) 2002 Free Software Foundation, Inc.
This is free software; see the source for copying conditions.  There is NO
warranty; not even for MERCHANTABILITY or FITNESS FOR A PARTICULAR PURPOSE.

configure:2723: $? = 0
configure:2725: gcc -v </dev/null >&5
Reading specs from /usr/libexec/gcc/darwin/ppc/3.3/specs
Thread model: posix
gcc version 3.3 20030304 (Apple Computer, Inc. build 1495)
configure:2728: $? = 0
configure:2730: gcc -V </dev/null >&5
gcc: `-V' option must have argument
configure:2733: $? = 1
configure:2736: checking whether we are using the GNU C compiler
configure:2761: gcc -c   conftest.c >&5
configure:2764: $? = 0
configure:2767: test -s conftest.o
configure:2770: $? = 0
configure:2783: result: yes
configure:2789: checking whether gcc accepts -g
configure:2811: gcc -c -g  conftest.c >&5
configure:2814: $? = 0
configure:2817: test -s conftest.o
configure:2820: $? = 0
configure:2831: result: yes
configure:2848: checking for gcc option to accept ANSI C
configure:2909: gcc  -c -g -O2  conftest.c >&5
configure:2912: $? = 0
configure:2915: test -s conftest.o
configure:2918: $? = 0
configure:2936: result: none needed
configure:2954: gcc -c -g -O2  conftest.c >&5
conftest.c:2: error: parse error before "me"
configure:2957: $? = 1
configure: failed program was:
| #ifndef __cplusplus
|   choke me
| #endif
configure:3068: checking dependency style of gcc
configure:3130: result: gcc3
configure:3141: checking how to run the C preprocessor
configure:3177: gcc -E  conftest.c
configure:3183: $? = 0
configure:3215: gcc -E  conftest.c
configure:3219:28: ac_nonexistent.h: No such file or directory
configure:3221: $? = 1
configure: failed program was:
| #line 3206 "configure"
| /* confdefs.h.  */
| 
| #define PACKAGE_NAME ""
| #define PACKAGE_TARNAME ""
| #define PACKAGE_VERSION ""
| #define PACKAGE_STRING ""
| #define PACKAGE_BUGREPORT ""
| #define PACKAGE "vsocket.app"
| #define VERSION "0.7.g"
| #ifdef __cplusplus
| #include <stdlib.h>
| #endif
| /* end confdefs.h.  */
| #include <ac_nonexistent.h>
configure:3259: result: gcc -E
configure:3284: gcc -E  conftest.c
configure:3290: $? = 0
configure:3322: gcc -E  conftest.c
configure:3326:28: ac_nonexistent.h: No such file or directory
configure:3328: $? = 1
configure: failed program was:
| #line 3313 "configure"
| /* confdefs.h.  */
| 
| #define PACKAGE_NAME ""
| #define PACKAGE_TARNAME ""
| #define PACKAGE_VERSION ""
| #define PACKAGE_STRING ""
| #define PACKAGE_BUGREPORT ""
| #define PACKAGE "vsocket.app"
| #define VERSION "0.7.g"
| #ifdef __cplusplus
| #include <stdlib.h>
| #endif
| /* end confdefs.h.  */
| #include <ac_nonexistent.h>
configure:3371: checking for egrep
configure:3381: result: grep -E
configure:3386: checking for ANSI C header files
configure:3412: gcc -c -g -O2  conftest.c >&5
configure:3415: $? = 0
configure:3418: test -s conftest.o
configure:3421: $? = 0
configure:3510: gcc -o conftest -g -O2   conftest.c  >&5
configure:3513: $? = 0
configure:3515: ./conftest
configure:3518: $? = 0
configure:3533: result: yes
configure:3557: checking for sys/types.h
configure:3574: gcc -c -g -O2  conftest.c >&5
configure:3577: $? = 0
configure:3580: test -s conftest.o
configure:3583: $? = 0
configure:3594: result: yes
configure:3557: checking for sys/stat.h
configure:3574: gcc -c -g -O2  conftest.c >&5
configure:3577: $? = 0
configure:3580: test -s conftest.o
configure:3583: $? = 0
configure:3594: result: yes
configure:3557: checking for stdlib.h
configure:3574: gcc -c -g -O2  conftest.c >&5
configure:3577: $? = 0
configure:3580: test -s conftest.o
configure:3583: $? = 0
configure:3594: result: yes
configure:3557: checking for string.h
configure:3574: gcc -c -g -O2  conftest.c >&5
configure:3577: $? = 0
configure:3580: test -s conftest.o
configure:3583: $? = 0
configure:3594: result: yes
configure:3557: checking for memory.h
configure:3574: gcc -c -g -O2  conftest.c >&5
configure:3577: $? = 0
configure:3580: test -s conftest.o
configure:3583: $? = 0
configure:3594: result: yes
configure:3557: checking for strings.h
configure:3574: gcc -c -g -O2  conftest.c >&5
configure:3577: $? = 0
configure:3580: test -s conftest.o
configure:3583: $? = 0
configure:3594: result: yes
configure:3557: checking for inttypes.h
configure:3574: gcc -c -g -O2  conftest.c >&5
configure:3577: $? = 0
configure:3580: test -s conftest.o
configure:3583: $? = 0
configure:3594: result: yes
configure:3557: checking for stdint.h
configure:3574: gcc -c -g -O2  conftest.c >&5
configure:3577: $? = 0
configure:3580: test -s conftest.o
configure:3583: $? = 0
configure:3594: result: yes
configure:3557: checking for unistd.h
configure:3574: gcc -c -g -O2  conftest.c >&5
configure:3577: $? = 0
configure:3580: test -s conftest.o
configure:3583: $? = 0
configure:3594: result: yes
configure:3606: checking for socklen_t
configure:3631: gcc -c -g -O2  conftest.c >&5
configure: In function `main':
configure:3671: error: `socklen_t' undeclared (first use in this function)
configure:3671: error: (Each undeclared identifier is reported only once
configure:3671: error: for each function it appears in.)
configure:3671: error: parse error before ')' token
configure:3634: $? = 1
configure: failed program was:
| #line 3611 "configure"
| /* confdefs.h.  */
| 
| #define PACKAGE_NAME ""
| #define PACKAGE_TARNAME ""
| #define PACKAGE_VERSION ""
| #define PACKAGE_STRING ""
| #define PACKAGE_BUGREPORT ""
| #define PACKAGE "vsocket.app"
| #define VERSION "0.7.g"
| #ifdef __cplusplus
| #include <stdlib.h>
| #endif
| #define STDC_HEADERS 1
| #define HAVE_SYS_TYPES_H 1
| #define HAVE_SYS_STAT_H 1
| #define HAVE_STDLIB_H 1
| #define HAVE_STRING_H 1
| #define HAVE_MEMORY_H 1
| #define HAVE_STRINGS_H 1
| #define HAVE_INTTYPES_H 1
| #define HAVE_STDINT_H 1
| #define HAVE_UNISTD_H 1
| /* end confdefs.h.  */
| #include <stdio.h>
| #if HAVE_SYS_TYPES_H
| # include <sys/types.h>
| #endif
| #if HAVE_SYS_STAT_H
| # include <sys/stat.h>
| #endif
| #if STDC_HEADERS
| # include <stdlib.h>
| # include <stddef.h>
| #else
| # if HAVE_STDLIB_H
| #  include <stdlib.h>
| # endif
| #endif
| #if HAVE_STRING_H
| # if !STDC_HEADERS && HAVE_MEMORY_H
| #  include <memory.h>
| # endif
| # include <string.h>
| #endif
| #if HAVE_STRINGS_H
| # include <strings.h>
| #endif
| #if HAVE_INTTYPES_H
| # include <inttypes.h>
| #else
| # if HAVE_STDINT_H
| #  include <stdint.h>
| # endif
| #endif
| #if HAVE_UNISTD_H
| # include <unistd.h>
| #endif
| int
| main ()
| {
| if ((socklen_t *) 0)
|   return 0;
| if (sizeof (socklen_t))
|   return 0;
|   ;
|   return 0;
| }
configure:3651: result: no
configure:3662: checking whether byte ordering is bigendian
configure:3690: gcc -c -g -O2  conftest.c >&5
configure:3693: $? = 0
configure:3696: test -s conftest.o
configure:3699: $? = 0
configure:3724: gcc -c -g -O2  conftest.c >&5
configure:3727: $? = 0
configure:3730: test -s conftest.o
configure:3733: $? = 0
configure:3847: result: yes
configure:3873: checking for special C compiler options needed for large files
configure:3953: result: no
configure:3959: checking for _FILE_OFFSET_BITS value needed for large files
configure:3991: gcc -c -g -O2  conftest.c >&5
configure:3994: $? = 0
configure:3997: test -s conftest.o
configure:4000: $? = 0
configure:4056: result: no
configure:4066: checking for _LARGE_FILES value needed for large files
configure:4098: gcc -c -g -O2  conftest.c >&5
configure:4101: $? = 0
configure:4104: test -s conftest.o
configure:4107: $? = 0
configure:4163: result: no
configure:4310: creating ./config.status

## ---------------- ##
## Cache variables. ##
## ---------------- ##

ac_cv_c_bigendian=yes
ac_cv_c_compiler_gnu=yes
ac_cv_cxx_compiler_gnu=yes
ac_cv_env_CC_set=
ac_cv_env_CC_value=
ac_cv_env_CFLAGS_set=
ac_cv_env_CFLAGS_value=
ac_cv_env_CPPFLAGS_set=
ac_cv_env_CPPFLAGS_value=
ac_cv_env_CPP_set=
ac_cv_env_CPP_value=
ac_cv_env_CXXFLAGS_set=
ac_cv_env_CXXFLAGS_value=
ac_cv_env_CXX_set=
ac_cv_env_CXX_value=
ac_cv_env_LDFLAGS_set=
ac_cv_env_LDFLAGS_value=
ac_cv_env_build_alias_set=
ac_cv_env_build_alias_value=
ac_cv_env_host_alias_set=
ac_cv_env_host_alias_value=
ac_cv_env_target_alias_set=
ac_cv_env_target_alias_value=
ac_cv_exeext=
ac_cv_header_inttypes_h=yes
ac_cv_header_memory_h=yes
ac_cv_header_stdc=yes
ac_cv_header_stdint_h=yes
ac_cv_header_stdlib_h=yes
ac_cv_header_string_h=yes
ac_cv_header_strings_h=yes
ac_cv_header_sys_stat_h=yes
ac_cv_header_sys_types_h=yes
ac_cv_header_unistd_h=yes
ac_cv_objext=o
ac_cv_path_install='/usr/bin/install -c'
ac_cv_prog_AWK=awk
ac_cv_prog_CPP='gcc -E'
ac_cv_prog_ac_ct_CC=gcc
ac_cv_prog_ac_ct_CXX=g++
ac_cv_prog_ac_ct_RANLIB=ranlib
ac_cv_prog_cc_g=yes
ac_cv_prog_cc_stdc=
ac_cv_prog_cxx_g=yes
ac_cv_prog_egrep='grep -E'
ac_cv_prog_make_make_set=yes
ac_cv_sys_file_offset_bits=no
ac_cv_sys_large_files=no
ac_cv_sys_largefile_CC=no
ac_cv_type_socklen_t=no
am_cv_CC_dependencies_compiler_type=gcc3
am_cv_CXX_dependencies_compiler_type=gcc3

## ----------------- ##
## Output variables. ##
## ----------------- ##

ACLOCAL='aclocal-1.6'
AMDEPBACKSLASH='\'
AMDEP_FALSE='#'
AMDEP_TRUE=''
AMTAR='tar'
AUTOCONF='autoconf'
AUTOHEADER='autoheader'
AUTOMAKE='automake-1.6'
AWK='awk'
CC='gcc'
CCDEPMODE='depmode=gcc3'
CFLAGS='-g -O2'
CPP='gcc -E'
CPPFLAGS=''
CXX='g++'
CXXDEPMODE='depmode=gcc3'
CXXFLAGS='-DHELLO2'
DEFS='-DHAVE_CONFIG_H'
DEPDIR='.deps'
ECHO_C=''
ECHO_N='-n'
ECHO_T=''
EGREP='grep -E'
EXEEXT=''
INSTALL_DATA='${INSTALL} -m 644'
INSTALL_PROGRAM='${INSTALL}'
INSTALL_SCRIPT='${INSTALL}'
INSTALL_STRIP_PROGRAM='${SHELL} $(install_sh) -c -s'
LDFLAGS=''
LIBOBJS=''
LIBS=''
LTLIBOBJS=''
MAKEINFO='makeinfo'
OBJEXT='o'
PACKAGE='vsocket.app'
PACKAGE_BUGREPORT=''
PACKAGE_NAME=''
PACKAGE_STRING=''
PACKAGE_TARNAME=''
PACKAGE_VERSION=''
PATH_SEPARATOR=':'
RANLIB='ranlib'
SET_MAKE=''
SHELL='/bin/sh'
STRIP=''
VERSION='0.7.g'
ac_ct_CC='gcc'
ac_ct_CXX='g++'
ac_ct_RANLIB='ranlib'
ac_ct_STRIP=''
am__include='include'
am__quote=''
bindir='${exec_prefix}/bin'
build_alias=''
datadir='${prefix}/share'
exec_prefix='${prefix}'
host_alias=''
includedir='${prefix}/include'
infodir='${prefix}/info'
install_sh='/Users/davidlapsley/Sites/mit/vsocket/install-sh'
libdir='${exec_prefix}/lib'
libexecdir='${exec_prefix}/libexec'
localstatedir='${prefix}/var'
mandir='${prefix}/man'
oldincludedir='/usr/include'
prefix='/usr/local'
program_transform_name='s,x,x,'
sbindir='${exec_prefix}/sbin'
sharedstatedir='${prefix}/com'
sysconfdir='${prefix}/etc'
target_alias=''

## ----------- ##
## confdefs.h. ##
## ----------- ##

#define HAVE_INTTYPES_H 1
#define HAVE_MEMORY_H 1
#define HAVE_STDINT_H 1
#define HAVE_STDLIB_H 1
#define HAVE_STRINGS_H 1
#define HAVE_STRING_H 1
#define HAVE_SYS_STAT_H 1
#define HAVE_SYS_TYPES_H 1
#define HAVE_UNISTD_H 1
#define PACKAGE "vsocket.app"
#define PACKAGE_BUGREPORT ""
#define PACKAGE_NAME ""
#define PACKAGE_STRING ""
#define PACKAGE_TARNAME ""
#define PACKAGE_VERSION ""
#define STDC_HEADERS 1
#define VERSION "0.7.g"
#define WORDS_BIGENDIAN 1
#endif
#ifdef __cplusplus
#include <stdlib.h>

configure: exit 0

## ---------------------- ##
## Running config.status. ##
## ---------------------- ##

This file was extended by config.status, which was
generated by GNU Autoconf 2.57.  Invocation command line was

  CONFIG_FILES    = 
  CONFIG_HEADERS  = 
  CONFIG_LINKS    = 
  CONFIG_COMMANDS = 
  $ ./config.status Makefile

on Defiant.local

config.status:658: creating Makefile

## ---------------------- ##
## Running config.status. ##
## ---------------------- ##

This file was extended by config.status, which was
generated by GNU Autoconf 2.57.  Invocation command line was

  CONFIG_FILES    = 
  CONFIG_HEADERS  = 
  CONFIG_LINKS    = 
  CONFIG_COMMANDS = 
  $ ./config.status src/Makefile

on Defiant.local

config.status:658: creating src/Makefile

## ---------------------- ##
## Running config.status. ##
## ---------------------- ##

This file was extended by config.status, which was
generated by GNU Autoconf 2.57.  Invocation command line was

  CONFIG_FILES    = 
  CONFIG_HEADERS  = 
  CONFIG_LINKS    = 
  CONFIG_COMMANDS = 
  $ ./config.status src/dutils/Makefile depfiles

on Defiant.local

config.status:658: creating src/dutils/Makefile
config.status:975: executing depfiles commands

## ---------------------- ##
## Running config.status. ##
## ---------------------- ##

This file was extended by config.status, which was
generated by GNU Autoconf 2.57.  Invocation command line was

  CONFIG_FILES    = 
  CONFIG_HEADERS  = 
  CONFIG_LINKS    = 
  CONFIG_COMMANDS = 
  $ ./config.status src/vsocket/Makefile depfiles

on Defiant.local

config.status:658: creating src/vsocket/Makefile
config.status:975: executing depfiles commands

## ---------------------- ##
## Running config.status. ##
## ---------------------- ##

This file was extended by config.status, which was
generated by GNU Autoconf 2.57.  Invocation command line was

  CONFIG_FILES    = 
  CONFIG_HEADERS  = 
  CONFIG_LINKS    = 
  CONFIG_COMMANDS = 
  $ ./config.status src/app/Makefile depfiles

on Defiant.local

config.status:658: creating src/app/Makefile
config.status:975: executing depfiles commands

## ---------------------- ##
## Running config.status. ##
## ---------------------- ##

This file was extended by config.status, which was
generated by GNU Autoconf 2.57.  Invocation command line was

  CONFIG_FILES    = 
  CONFIG_HEADERS  = 
  CONFIG_LINKS    = 
  CONFIG_COMMANDS = 
  $ ./config.status config.h


## ---------------------- ##
## Running config.status. ##
## ---------------------- ##

This file was extended by config.status, which was
generated by GNU Autoconf 2.57.  Invocation command line was

  CONFIG_FILES    = 
  CONFIG_HEADERS  = 
  CONFIG_LINKS    = 
  CONFIG_COMMANDS = 
  $ ./config.status config.h

on Defiant.local

config.status:762: creating config.h

## ---------------------- ##
## Running config.status. ##
## ---------------------- ##

This file was extended by config.status, which was
generated by GNU Autoconf 2.57.  Invocation command line was

  CONFIG_FILES    = 
  CONFIG_HEADERS  = 
  CONFIG_LINKS    = 
  CONFIG_COMMANDS = 
  $ ./config.status src/Makefile

on Defiant.local

config.status:658: creating src/Makefile

## ---------------------- ##
## Running config.status. ##
## ---------------------- ##

This file was extended by config.status, which was
generated by GNU Autoconf 2.57.  Invocation command line was

  CONFIG_FILES    = 
  CONFIG_HEADERS  = 
  CONFIG_LINKS    = 
  CONFIG_COMMANDS = 
  $ ./config.status src/dutils/Makefile depfiles

on Defiant.local

config.status:658: creating src/dutils/Makefile
config.status:975: executing depfiles commands

## ---------------------- ##
## Running config.status. ##
## ---------------------- ##

This file was extended by config.status, which was
generated by GNU Autoconf 2.57.  Invocation command line was

  CONFIG_FILES    = 
  CONFIG_HEADERS  = 
  CONFIG_LINKS    = 
  CONFIG_COMMANDS = 
  $ ./config.status src/vsocket/Makefile depfiles

on Defiant.local

config.status:658: creating src/vsocket/Makefile
config.status:975: executing depfiles commands

## ---------------------- ##
## Running config.status. ##
## ---------------------- ##

This file was extended by config.status, which was
generated by GNU Autoconf 2.57.  Invocation command line was

  CONFIG_FILES    = 
  CONFIG_HEADERS  = 
  CONFIG_LINKS    = 
  CONFIG_COMMANDS = 
  $ ./config.status src/app/Makefile depfiles

on Defiant.local

config.status:658: creating src/app/Makefile
config.status:975: executing depfiles commands
